[32m2026-04-17 05:04:29[0m | [1mINFO    [0m | [36mmain                [0m | T4A Radar starting
[32m2026-04-17 05:04:30[0m | [33m[1mWARNING [0m | [36msource_aggregator   [0m | TWITTER_BEARER_TOKEN not set — skipping Twitter source
[32m2026-04-17 05:04:30[0m | [1mINFO    [0m | [36msource_aggregator   [0m | Initialized 5 source connectors: ['news_rss', 'reddit', 'gdelt', 'parliament', 'court']
[32m2026-04-17 05:04:31[0m | [1mINFO    [0m | [36msilence_detector    [0m | Tracking: INST-0001 [bill_reading] "Parliament second session session opens" importance=0.46
[32m2026-04-17 05:04:31[0m | [1mINFO    [0m | [36msilence_detector    [0m | Tracking: INST-0002 [bill_reading] "Parliament budget session session opens" importance=0.51
[32m2026-04-17 05:04:31[0m | [1mINFO    [0m | [36msilence_detector    [0m | Tracking: INST-0003 [budget_allocation] "Budget 2027 presentation" importance=0.54
[32m2026-04-17 05:04:31[0m | [1mINFO    [0m | [36mstreams             [0m | Initialized 6/6 streams: ['volume_monitor', 'cascade_tracker', 'polarization', 'narrative_fragmentation', 'network_bridge', 'silence_detector']
[32m2026-04-17 05:04:31[0m | [1mINFO    [0m | [36mstate               [0m | Loaded state from /home/runner/work/thefourthangle/thefourthangle/radar/output/state.json
[32m2026-04-17 05:04:31[0m | [1mINFO    [0m | [36mfusion              [0m | Loaded 1800 topics from state
[32m2026-04-17 05:04:31[0m | [1mINFO    [0m | [36mmain                [0m | Running single cycle (--once)
[32m2026-04-17 05:04:31[0m | [1mINFO    [0m | [36mcycle               [0m | Cycle started at 2026-04-17T05:04:31.526488+00:00
[32m2026-04-17 05:04:32[0m | [33m[1mWARNING [0m | [36msource.news_rss     [0m | Feed The Star returned no entries (bozo=1)
[32m2026-04-17 05:04:32[0m | [1mINFO    [0m | [36msource.news_rss     [0m | Fetched 100 events
[32m2026-04-17 05:04:32[0m | [33m[1mWARNING [0m | [36msource.reddit       [0m | Reddit feed r/malaysia hot: bozo=1
[32m2026-04-17 05:04:32[0m | [33m[1mWARNING [0m | [36msource.reddit       [0m | Reddit feed r/malaysia new: bozo=1
[32m2026-04-17 05:04:33[0m | [33m[1mWARNING [0m | [36msource.reddit       [0m | Reddit feed r/malaysia rising: bozo=1
[32m2026-04-17 05:04:33[0m | [33m[1mWARNING [0m | [36msource.reddit       [0m | Reddit feed r/malaysians hot: bozo=1
[32m2026-04-17 05:04:33[0m | [33m[1mWARNING [0m | [36msource.reddit       [0m | Reddit feed r/bolehland hot: bozo=1
[32m2026-04-17 05:04:33[0m | [1mINFO    [0m | [36msource.reddit       [0m | Fetched 0 events
[32m2026-04-17 05:04:36[0m | [1mINFO    [0m | [36msource.gdelt        [0m | Fetched 15 events
[32m2026-04-17 05:04:41[0m | [1mINFO    [0m | [36msource.parliament   [0m | Fetched 14 events
[32m2026-04-17 05:04:44[0m | [1mINFO    [0m | [36msource.court        [0m | Fetched 8 events
[32m2026-04-17 05:04:44[0m | [1mINFO    [0m | [36msource_aggregator   [0m | Aggregated 137 events from 5 sources
[32m2026-04-17 05:04:44[0m | [1mINFO    [0m | [36mcycle               [0m | Fetched 137 events
[32m2026-04-17 05:04:44[0m | [1mINFO    [0m | [36msilence_detector    [0m | Tracking: INST-0004 [high_court_ruling] "April 30 set for decision on preacher Ebit Lew’s 11 sexual harassment charges. KOTA KINABALU, April 17 &mdash; The Magistrates&rsquo; Court in Tenom has fixed April 30 for its decision on the prosecu." importance=0.36
[32m2026-04-17 05:04:44[0m | [1mINFO    [0m | [36msilence_detector    [0m | Tracking: INST-0005 [bill_reading] "Man, 36, to face charge after Wakaf Bharu brawl caught in viral clip, says Kelantan police. KOTA BHARU, April 17 &mdash; Police have denied allegations that no action was taken over a viral social med" importance=0.41
[32m2026-04-17 05:04:44[0m | [1mINFO    [0m | [36msilence_detector    [0m | Tracking: INST-0006 [bill_reading] "Safety over shortcuts: Kelantan border community turn to Rantau Panjang ICQS after action over illegal Sg Golok crossings. PASIR MAS, &nbsp;April 17 &nbsp;&mdash; A directive by Home Minister Datuk Se" importance=0.41
[32m2026-04-17 05:04:44[0m | [1mINFO    [0m | [36msilence_detector    [0m | Tracking: INST-0007 [bill_reading] "Police begin surveillance at 13 petrol stations in Perak, Kedah and Perlis along Malaysia–Thailand border. IPOH, April 17 &mdash; The Royal Malaysia Police (PDRM) through its Internal Security and Pub" importance=0.46
[32m2026-04-17 05:04:44[0m | [1mINFO    [0m | [36msilence_detector    [0m | Tracking: INST-0008 [bill_reading] "Private hospital, surgeon not liable in hand surgery negligence case. Court of Appeal says the trial judge failed to properly evaluate the factual events and expert testimony." importance=0.46
[32m2026-04-17 05:04:44[0m | [1mINFO    [0m | [36msilence_detector    [0m | Tracking: INST-0009 [court_of_appeal_ruling] "Private hospital, surgeon not liable in hand surgery negligence case. Court of Appeal says the trial judge failed to properly evaluate the factual events and expert testimony." importance=0.46
[32m2026-04-17 05:04:44[0m | [1mINFO    [0m | [36msilence_detector    [0m | Tracking: INST-0010 [high_court_ruling] "Keputusan akhir kes pendakwaan Ebit Lew 30 April. Perkara itu disahkan peguam Ram Singh yang mewakili Ebit Lew dalam perbicaraan yang dijalankan di hadapan Majistret Nur Asyraf Zolhani sejak September" importance=0.31
[32m2026-04-17 05:04:44[0m | [1mINFO    [0m | [36msilence_detector    [0m | Tracking: INST-0011 [bill_reading] "Wrexham’s Hollywood takeover fuels economic boom. The Red Dragons' journey from the fifth-tier English football to battling for promotion to the Premier League has doubled tourism income to £200 milli" importance=0.46
[32m2026-04-17 05:04:44[0m | [1mINFO    [0m | [36msilence_detector    [0m | Tracking: INST-0012 [bill_reading] "Iran war drives up costs, spoils the mood at China’s largest trade fair. Iran war is main worry for Chinese exporters at Canton Fair as  factories face higher input costs, slower global demand." importance=0.51
[32m2026-04-17 05:04:44[0m | [1mINFO    [0m | [36msilence_detector    [0m | Tracking: INST-0013 [bill_reading] "Mengapa Bestinet lagi laksana sistem baharu pengambilan, soal bekas Ahli Parlimen. Charles Santiago menuntut ketelusan kontrak 12 tahun dilaporkan itu sambil menarik perhatian kepincangan dikesan dala" importance=0.46
[32m2026-04-17 05:04:44[0m | [1mINFO    [0m | [36msilence_detector    [0m | Tracking: INST-0014 [bill_reading] "Philippines, US to build industrial hub to strengthen supply chain security. The new industrial hub will be built in the Luzon Economic Corridor, which includes Manila and nearby industrial and manufa" importance=0.41
[32m2026-04-17 05:04:44[0m | [1mINFO    [0m | [36msilence_detector    [0m | Tracking: INST-0015 [high_court_ruling] "Philippines, US to build industrial hub to strengthen supply chain security. The new industrial hub will be built in the Luzon Economic Corridor, which includes Manila and nearby industrial and manufa" importance=0.31
[32m2026-04-17 05:04:44[0m | [1mINFO    [0m | [36msilence_detector    [0m | Tracking: INST-0016 [high_court_ruling] "Australian soldier accused of war crimes in Afghanistan granted bail. The court cites reduced flight and witness interference risks as Ben Roberts-Smith faces the prospect of years behind bars before " importance=0.36
[32m2026-04-17 05:04:44[0m | [1mINFO    [0m | [36msilence_detector    [0m | Tracking: INST-0017 [statutory_instrument] "Persatuan harap pertimbang petugas media dapat kuota 300 liter RON95. Gabungan Kelab Media Malaysia berkata had 200 liter beri cabaran besar kepada wartawan, jurugambar dan juruvideo, ambil kira keper" importance=0.30
[32m2026-04-17 05:04:44[0m | [1mINFO    [0m | [36msilence_detector    [0m | Tracking: INST-0018 [bill_reading] "Malaysia perlu takrif rasmi ucapan kebencian, kata Saifuddin. Ahli Parlimen Indera Mahkota kata ketiadaan taktif rasmi buka ruang tafsiran terlalu luas dan penguatkuasaan tidak konsisten." importance=0.51
[32m2026-04-17 05:04:44[0m | [1mINFO    [0m | [36msilence_detector    [0m | Tracking: INST-0019 [bill_reading] "Trump characterises Iran war as a ‘little diversion’. The US president touts his economic record to supporters in Las Vegas as polls show the conflict is unpopular with Americans." importance=0.41
[32m2026-04-17 05:04:44[0m | [1mINFO    [0m | [36msilence_detector    [0m | Tracking: INST-0020 [bill_reading] "Eight people killed in helicopter crash in Indonesia’s West Kalimantan. The Airbus H130 helicopter reportedly lost contact five minutes after taking off from a plantation area in Melawi." importance=0.41
[32m2026-04-17 05:04:44[0m | [1mINFO    [0m | [36msilence_detector    [0m | Tracking: INST-0021 [high_court_ruling] "Unemployed man pleads not guilty to abduction conspiracy in Tumpat. PASIR MAS, April 16 &mdash; An unemployed man pleaded not guilty in the Sessions Court here today to a charge of conspir..." importance=0.36
[32m2026-04-17 05:04:44[0m | [1mINFO    [0m | [36msilence_detector    [0m | Tracking: INST-0022 [bill_reading] "Zara Qairina inquest: 96,656 WhatsApp pages among 70GB of data extracted from 12 phones, court told. KOTA KINABALU, April 16 &mdash; A staggering 96,656 pages of WhatsApp chats, extracted from just on" importance=0.46
[32m2026-04-17 05:04:44[0m | [1mINFO    [0m | [36msilence_detector    [0m | Tracking: INST-0023 [high_court_ruling] "Zara Qairina inquest: 96,656 WhatsApp pages among 70GB of data extracted from 12 phones, court told. KOTA KINABALU, April 16 &mdash; A staggering 96,656 pages of WhatsApp chats, extracted from just on" importance=0.36
[32m2026-04-17 05:04:44[0m | [1mINFO    [0m | [36msilence_detector    [0m | Tracking: INST-0024 [high_court_ruling] "Firm used overdraft to pay Bersatu RM1m in 2022, court hears in Muhyiddin power abuse trial. KUALA LUMPUR, April 16 &mdash; A company which did not have enough funds in its bank account had taken an o" importance=0.38
[32m2026-04-17 05:04:44[0m | [1mINFO    [0m | [36msilence_detector    [0m | Tracking: INST-0025 [bill_reading] "Move it or lose it: DBKL goes on a 4,500-vehicle towing spree. KUALA LUMPUR, April 16 &mdash; Kuala Lumpur City Hall (DBKL) has carried out more than 4,500 towing and removal actions..." importance=0.41
[32m2026-04-17 05:04:44[0m | [1mINFO    [0m | [36mcycle               [0m | Streams processed: {'narrative_fragmentation': 'ok', 'cascade_tracker': 'ok', 'polarization': 'ok', 'volume_monitor': 'ok', 'network_bridge': 'ok', 'silence_detector': 'ok'}
[32m2026-04-17 05:04:44[0m | [1mINFO    [0m | [36mcycle               [0m | Matched 17 config keywords in events. Top: [('malay', 24), ('government', 10), ('dap', 8), ('pas', 7), ('isa', 6), ('minister', 5), ('petrol', 4), ('parlimen', 4), ('economy', 3), ('unity', 3)]
[32m2026-04-17 05:04:44[0m | [1mINFO    [0m | [36mcycle               [0m | Silence detector: 17 events monitored, 17 flagged
[32m2026-04-17 05:04:44[0m | [1mINFO    [0m | [36mcycle               [0m | Issue queue: 1808 active topics
[32m2026-04-17 05:04:44[0m | [1mINFO    [0m | [36moutput              [0m | 657 active issues, 1142 new, 1151 pruned
[32m2026-04-17 05:04:44[0m | [1mINFO    [0m | [36mcycle               [0m | Cycle complete. 1808 active topics. Top: malay (score: 0.93)
